Arguments: 
  /usr/local/bin/node /Users/evo/.yarn/bin/yarn.js add exios

PATH: 
  /Users/evo/.yarn/bin:/Users/evo/.config/yarn/global/node_modules/.bin:/Library/Frameworks/Python.framework/Versions/3.9/bin:/usr/local/bin:/usr/bin:/bin:/usr/sbin:/sbin:/Library/Apple/usr/bin:/Users/evo/.yarn/bin:/Users/evo/.config/yarn/global/node_modules/.bin:/Library/Frameworks/Python.framework/Versions/3.9/bin

Yarn version: 
  1.22.5

Node version: 
  14.15.5

Platform: 
  darwin x64

Trace: 
  Error: https://registry.npm.taobao.org/exios: Not found
      at Request.params.callback [as _callback] (/Users/evo/.yarn/lib/cli.js:66988:18)
      at Request.self.callback (/Users/evo/.yarn/lib/cli.js:140749:22)
      at Request.emit (events.js:315:20)
      at Request.<anonymous> (/Users/evo/.yarn/lib/cli.js:141721:10)
      at Request.emit (events.js:315:20)
      at IncomingMessage.<anonymous> (/Users/evo/.yarn/lib/cli.js:141643:12)
      at Object.onceWrapper (events.js:421:28)
      at IncomingMessage.emit (events.js:327:22)
      at endReadableNT (internal/streams/readable.js:1327:12)
      at processTicksAndRejections (internal/process/task_queues.js:80:21)

npm manifest: 
  {
    "name": "express",
    "version": "0.0.0",
    "private": true,
    "scripts": {
      "start": "node ./bin/www",
  	"dev": "nodemon ./app.js"
    },
    "dependencies": {
      "cookie-parser": "~1.4.4",
      "debug": "~2.6.9",
      "express": "~4.16.1",
      "http-errors": "~1.6.3",
      "jade": "~1.11.0",
      "morgan": "~1.9.1"
    }
  }

yarn manifest: 
  No manifest

Lockfile: 
  No lockfile
